빌드 시작: 2015-11-23 오후 11:42:28
     1>2 노드의 "C:\Users\Administrator\Desktop\5176270 torus\lab2\lab2.vcxproj" 프로젝트(Build 대상)입니다.
       프로젝트 파일에 ToolsVersion="12.0"이(가) 들어 있습니다. 이 도구 집합을 알 수 없거나 누락되었습니다. 이 도구 집합에 적합한 .NET Framework를 설치하면 이 문제를 해결할 수 있습니다. 프로젝트에 ToolsVersion="4.0"이 들어 있는 것으로 간주합니다.
     1>ClCompile:
         C:\Program Files (x86)\Microsoft Visual Studio 11.0\VC\bin\CL.exe /c /I..\Utilities /IC:\Graphics\Tools\fltk\include /IC:\Graphics\Tools\glm /IC:\Graphics\Tools\freeglut\include /IC:\Graphics\Tools\glew\include /ZI /nologo /W3 /WX- /sdl /Od /Oy- /D WIN32 /D _DEBUG /D _CONSOLE /D _LIB /D FL_DLL /D _UNICODE /D UNICODE /Gm /EHsc /RTC1 /MDd /GS /fp:precise /Zc:wchar_t /Zc:forScope /Fo"Debug\\" /Fd"Debug\vc110.pdb" /Gd /TP /analyze- /errorReport:prompt CheckeredFloor.cpp MyGlWindow.cpp Source.cpp vbotorus.cpp
         vbotorus.cpp
         Source.cpp
         MyGlWindow.cpp
         CheckeredFloor.cpp
     1>c:\users\administrator\desktop\5176270 torus\lab2\checkeredfloor.cpp(23): warning C4244: '초기화 중' : 'float'에서 'int'(으)로 변환하면서 데이터가 손실될 수 있습니다.
     1>c:\users\administrator\desktop\5176270 torus\lab2\checkeredfloor.cpp(25): warning C4244: '초기화 중' : 'float'에서 'int'(으)로 변환하면서 데이터가 손실될 수 있습니다.
     1>c:\users\administrator\desktop\5176270 torus\lab2\checkeredfloor.cpp(117): warning C4101: 'size' :참조되지 않은 지역 변수입니다.
         코드를 생성하고 있습니다...
       Link:
         C:\Program Files (x86)\Microsoft Visual Studio 11.0\VC\bin\link.exe /ERRORREPORT:PROMPT /OUT:"C:\Users\Administrator\Desktop\5176270 torus\Debug\lab2.exe" /INCREMENTAL /NOLOGO /LIBPATH:..\Utilities\lib /LIBPATH:C:\Graphics\Tools\fltk\lib /LIBPATH:C:\Graphics\Tools\freeglut\lib /LIBPATH:C:\Graphics\Tools\glew\lib fltkdlld.lib freeglut.lib glew32.lib opengl32.lib glu32.lib kernel32.lib user32.lib gdi32.lib winspool.lib comdlg32.lib advapi32.lib shell32.lib ole32.lib oleaut32.lib uuid.lib odbc32.lib odbccp32.lib /MANIFEST /MANIFESTUAC:"level='asInvoker' uiAccess='false'" /manifest:embed /DEBUG /PDB:"C:\Users\Administrator\Desktop\5176270 torus\Debug\lab2.pdb" /SUBSYSTEM:CONSOLE /TLBID:1 /DYNAMICBASE /NXCOMPAT /IMPLIB:"C:\Users\Administrator\Desktop\5176270 torus\Debug\lab2.lib" /MACHINE:X86 Debug\CheckeredFloor.obj
         Debug\MyGlWindow.obj
         Debug\Source.obj
         Debug\vbotorus.obj
         lab2.vcxproj -> C:\Users\Administrator\Desktop\5176270 torus\Debug\lab2.exe
     1>"C:\Users\Administrator\Desktop\5176270 torus\lab2\lab2.vcxproj" 프로젝트를 빌드했습니다(Build 대상).

빌드했습니다.

경과 시간: 00:00:04.37
