C:\USERS\KMU\DESKTOP\2010VER\DEBUG\LAB2.EXE
C:\USERS\KMU\DESKTOP\2010VER\DEBUG\LAB2.ILK
C:\USERS\KMU\DESKTOP\2010VER\DEBUG\LAB2.PDB
C:\USERS\KMU\DESKTOP\2010VER\LAB2\DEBUG\CHECKEREDFLOOR.OBJ
C:\Users\kmu\Desktop\2010ver\lab2\Debug\cl.command.1.tlog
C:\Users\kmu\Desktop\2010ver\lab2\Debug\CL.read.1.tlog
C:\Users\kmu\Desktop\2010ver\lab2\Debug\CL.write.1.tlog
C:\USERS\KMU\DESKTOP\2010VER\LAB2\DEBUG\CUBE.OBJ
C:\Users\kmu\Desktop\2010ver\lab2\Debug\lab2.exe.embed.manifest
C:\USERS\KMU\DESKTOP\2010VER\LAB2\DEBUG\LAB2.EXE.EMBED.MANIFEST.RES
C:\USERS\KMU\DESKTOP\2010VER\LAB2\DEBUG\LAB2.EXE.INTERMEDIATE.MANIFEST
C:\Users\kmu\Desktop\2010ver\lab2\Debug\lab2.vcxprojResolveAssemblyReference.cache
C:\Users\kmu\Desktop\2010ver\lab2\Debug\lab2.write.1.tlog
C:\Users\kmu\Desktop\2010ver\lab2\Debug\lab2_manifest.rc
C:\Users\kmu\Desktop\2010ver\lab2\Debug\link.1712.read.1.tlog
C:\Users\kmu\Desktop\2010ver\lab2\Debug\link.1712.write.1.tlog
C:\Users\kmu\Desktop\2010ver\lab2\Debug\link.1712-cvtres.read.1.tlog
C:\Users\kmu\Desktop\2010ver\lab2\Debug\link.1712-cvtres.write.1.tlog
C:\Users\kmu\Desktop\2010ver\lab2\Debug\link.3212.read.1.tlog
C:\Users\kmu\Desktop\2010ver\lab2\Debug\link.3212.write.1.tlog
C:\Users\kmu\Desktop\2010ver\lab2\Debug\link.3212-cvtres.read.1.tlog
C:\Users\kmu\Desktop\2010ver\lab2\Debug\link.3212-cvtres.write.1.tlog
C:\Users\kmu\Desktop\2010ver\lab2\Debug\link.5220.read.1.tlog
C:\Users\kmu\Desktop\2010ver\lab2\Debug\link.5220.write.1.tlog
C:\Users\kmu\Desktop\2010ver\lab2\Debug\link.5220-cvtres.read.1.tlog
C:\Users\kmu\Desktop\2010ver\lab2\Debug\link.5220-cvtres.write.1.tlog
C:\Users\kmu\Desktop\2010ver\lab2\Debug\link.5260.read.1.tlog
C:\Users\kmu\Desktop\2010ver\lab2\Debug\link.5260.write.1.tlog
C:\Users\kmu\Desktop\2010ver\lab2\Debug\link.5260-cvtres.read.1.tlog
C:\Users\kmu\Desktop\2010ver\lab2\Debug\link.5260-cvtres.write.1.tlog
C:\Users\kmu\Desktop\2010ver\lab2\Debug\link.5372.read.1.tlog
C:\Users\kmu\Desktop\2010ver\lab2\Debug\link.5372.write.1.tlog
C:\Users\kmu\Desktop\2010ver\lab2\Debug\link.5372-cvtres.read.1.tlog
C:\Users\kmu\Desktop\2010ver\lab2\Debug\link.5372-cvtres.write.1.tlog
C:\Users\kmu\Desktop\2010ver\lab2\Debug\link.5400.read.1.tlog
C:\Users\kmu\Desktop\2010ver\lab2\Debug\link.5400.write.1.tlog
C:\Users\kmu\Desktop\2010ver\lab2\Debug\link.5400-cvtres.read.1.tlog
C:\Users\kmu\Desktop\2010ver\lab2\Debug\link.5400-cvtres.write.1.tlog
C:\Users\kmu\Desktop\2010ver\lab2\Debug\link.5656.read.1.tlog
C:\Users\kmu\Desktop\2010ver\lab2\Debug\link.5656.write.1.tlog
C:\Users\kmu\Desktop\2010ver\lab2\Debug\link.5656-cvtres.read.1.tlog
C:\Users\kmu\Desktop\2010ver\lab2\Debug\link.5656-cvtres.write.1.tlog
C:\Users\kmu\Desktop\2010ver\lab2\Debug\link.6028.read.1.tlog
C:\Users\kmu\Desktop\2010ver\lab2\Debug\link.6028.write.1.tlog
C:\Users\kmu\Desktop\2010ver\lab2\Debug\link.6028-cvtres.read.1.tlog
C:\Users\kmu\Desktop\2010ver\lab2\Debug\link.6028-cvtres.write.1.tlog
C:\Users\kmu\Desktop\2010ver\lab2\Debug\link.6052.read.1.tlog
C:\Users\kmu\Desktop\2010ver\lab2\Debug\link.6052.write.1.tlog
C:\Users\kmu\Desktop\2010ver\lab2\Debug\link.6052-cvtres.read.1.tlog
C:\Users\kmu\Desktop\2010ver\lab2\Debug\link.6052-cvtres.write.1.tlog
C:\Users\kmu\Desktop\2010ver\lab2\Debug\link.6068.read.1.tlog
C:\Users\kmu\Desktop\2010ver\lab2\Debug\link.6068.write.1.tlog
C:\Users\kmu\Desktop\2010ver\lab2\Debug\link.6068-cvtres.read.1.tlog
C:\Users\kmu\Desktop\2010ver\lab2\Debug\link.6068-cvtres.write.1.tlog
C:\Users\kmu\Desktop\2010ver\lab2\Debug\link.6140.read.1.tlog
C:\Users\kmu\Desktop\2010ver\lab2\Debug\link.6140.write.1.tlog
C:\Users\kmu\Desktop\2010ver\lab2\Debug\link.6140-cvtres.read.1.tlog
C:\Users\kmu\Desktop\2010ver\lab2\Debug\link.6140-cvtres.write.1.tlog
C:\Users\kmu\Desktop\2010ver\lab2\Debug\link.command.1.tlog
C:\Users\kmu\Desktop\2010ver\lab2\Debug\link.read.1.tlog
C:\Users\kmu\Desktop\2010ver\lab2\Debug\link.write.1.tlog
C:\Users\kmu\Desktop\2010ver\lab2\Debug\link-cvtres.read.1.tlog
C:\Users\kmu\Desktop\2010ver\lab2\Debug\link-cvtres.write.1.tlog
C:\Users\kmu\Desktop\2010ver\lab2\Debug\mt.command.1.tlog
C:\Users\kmu\Desktop\2010ver\lab2\Debug\mt.read.1.tlog
C:\Users\kmu\Desktop\2010ver\lab2\Debug\mt.write.1.tlog
C:\USERS\KMU\DESKTOP\2010VER\LAB2\DEBUG\MYGLWINDOW.OBJ
C:\Users\kmu\Desktop\2010ver\lab2\Debug\rc.command.1.tlog
C:\Users\kmu\Desktop\2010ver\lab2\Debug\rc.read.1.tlog
C:\Users\kmu\Desktop\2010ver\lab2\Debug\rc.write.1.tlog
C:\USERS\KMU\DESKTOP\2010VER\LAB2\DEBUG\SOURCE.OBJ
C:\Users\kmu\Desktop\2010ver\lab2\Debug\vc100.idb
C:\USERS\KMU\DESKTOP\2010VER\LAB2\DEBUG\VC100.PDB
J:\그래픽스\MODERNOPENGL\2010VER\DEBUG\LAB2.EXE
J:\그래픽스\MODERNOPENGL\2010VER\DEBUG\LAB2.ILK
J:\그래픽스\MODERNOPENGL\2010VER\DEBUG\LAB2.PDB
J:\그래픽스\MODERNOPENGL\2010VER\LAB2\DEBUG\CUBE.OBJ
J:\그래픽스\MODERNOPENGL\2010VER\LAB2\DEBUG\LAB2.EXE.EMBED.MANIFEST
J:\그래픽스\MODERNOPENGL\2010VER\LAB2\DEBUG\LAB2.EXE.EMBED.MANIFEST.RES
J:\그래픽스\MODERNOPENGL\2010VER\LAB2\DEBUG\LAB2.EXE.INTERMEDIATE.MANIFEST
J:\그래픽스\MODERNOPENGL\2010VER\LAB2\DEBUG\MYGLWINDOW.OBJ
J:\그래픽스\MODERNOPENGL\2010VER\LAB2\DEBUG\SOURCE.OBJ
J:\그래픽스\MODERNOPENGL\2010VER\LAB2\DEBUG\VC100.PDB
