Build started 2015-11-30 오후 3:59:45.
     1>Project "C:\Users\kmu\Desktop\2010ver\lab2\lab2.vcxproj" on node 2 (build target(s)).
       Project file contains ToolsVersion="12.0". This toolset may be unknown or missing, in which case you may be able to resolve this by installing the appropriate version of MSBuild, or the build may have been forced to a particular ToolsVersion for policy reasons. Treating the project as if it had ToolsVersion="4.0". For more information, please see http://go.microsoft.com/fwlink/?LinkId=291333.
     1>InitializeBuildStatus:
         Touching "Debug\lab2.unsuccessfulbuild".
       ClCompile:
         C:\Program Files (x86)\Microsoft Visual Studio 10.0\VC\bin\CL.exe /c /I..\Utilities /IC:\Graphics\Tools\fltk\include /IC:\Graphics\Tools\glm /IC:\Graphics\Tools\freeglut\include /IC:\Graphics\Tools\glew\include /Zi /nologo /W3 /WX- /Od /Oy- /D WIN32 /D _DEBUG /D _CONSOLE /D _LIB /D FL_DLL /D _UNICODE /D UNICODE /Gm /EHsc /RTC1 /MDd /GS /fp:precise /Zc:wchar_t /Zc:forScope /Fo"Debug\\" /Fd"Debug\vc100.pdb" /Gd /TP /analyze- /errorReport:prompt vboteapot.cpp
         vboteapot.cpp
     1>c:\users\kmu\desktop\2010ver\lab2\Loader.h(86): warning C4482: nonstandard extension used: enum 'ShaderProgram::ObjectType' used in qualified name
     1>c:\users\kmu\desktop\2010ver\lab2\Loader.h(105): warning C4482: nonstandard extension used: enum 'ShaderProgram::ObjectType' used in qualified name
     1>c:\users\kmu\desktop\2010ver\lab2\Loader.h(152): warning C4482: nonstandard extension used: enum 'ShaderProgram::ObjectType' used in qualified name
     1>c:\users\kmu\desktop\2010ver\lab2\Loader.h(170): warning C4482: nonstandard extension used: enum 'ShaderProgram::ObjectType' used in qualified name
     1>c:\users\kmu\desktop\2010ver\lab2\Loader.h(206): warning C4482: nonstandard extension used: enum 'ShaderProgram::ObjectType' used in qualified name
     1>c:\users\kmu\desktop\2010ver\lab2\Loader.h(216): warning C4482: nonstandard extension used: enum 'ShaderProgram::ObjectType' used in qualified name
     1>vboteapot.cpp(328): warning C4305: 'initializing' : truncation from 'double' to 'GLfloat'
       ManifestResourceCompile:
         All outputs are up-to-date.
       Link:
         C:\Program Files (x86)\Microsoft Visual Studio 10.0\VC\bin\link.exe /ERRORREPORT:PROMPT /OUT:"C:\Users\kmu\Desktop\2010ver\Debug\lab2.exe" /INCREMENTAL /NOLOGO /LIBPATH:..\Utilities\lib /LIBPATH:C:\Graphics\Tools\fltk\lib /LIBPATH:C:\Graphics\Tools\freeglut\lib /LIBPATH:C:\Graphics\Tools\glew\lib fltkdlld.lib freeglut.lib glew32.lib opengl32.lib glu32.lib kernel32.lib user32.lib gdi32.lib winspool.lib comdlg32.lib advapi32.lib shell32.lib ole32.lib oleaut32.lib uuid.lib odbc32.lib odbccp32.lib /MANIFEST /ManifestFile:"Debug\lab2.exe.intermediate.manifest" /MANIFESTUAC:"level='asInvoker' uiAccess='false'" /DEBUG /PDB:"C:\Users\kmu\Desktop\2010ver\Debug\lab2.pdb" /SUBSYSTEM:CONSOLE /TLBID:1 /DYNAMICBASE /NXCOMPAT /IMPLIB:"C:\Users\kmu\Desktop\2010ver\Debug\lab2.lib" /MACHINE:X86 Debug\lab2.exe.embed.manifest.res
         Debug\CheckeredFloor.obj
         Debug\MyGlWindow.obj
         Debug\Source.obj
         Debug\vboteapot.obj
         Debug\vbotorus.obj
       Manifest:
         C:\Program Files (x86)\Microsoft SDKs\Windows\v7.0A\bin\mt.exe /nologo /verbose /out:"Debug\lab2.exe.embed.manifest" /manifest Debug\lab2.exe.intermediate.manifest
         All outputs are up-to-date.
       LinkEmbedManifest:
         All outputs are up-to-date.
         lab2.vcxproj -> C:\Users\kmu\Desktop\2010ver\Debug\lab2.exe
       FinalizeBuildStatus:
         Deleting file "Debug\lab2.unsuccessfulbuild".
         Touching "Debug\lab2.lastbuildstate".
     1>Done Building Project "C:\Users\kmu\Desktop\2010ver\lab2\lab2.vcxproj" (build target(s)).

Build succeeded.

Time Elapsed 00:00:01.13
