빌드 시작: 2015-10-01 오전 1:29:03
     1>2 노드의 "C:\Users\Administrator\Desktop\그래픽스\FrameWork\FrameWork.vcxproj" 프로젝트(Build 대상)입니다.
     1>ClCompile:
         C:\Program Files (x86)\Microsoft Visual Studio 11.0\VC\bin\CL.exe /c /I../utilities /IC:\Graphics\Tools\fltk\include /IC:\Graphics\Tools\glew\include /ZI /nologo /W3 /WX- /Od /Oy- /D WIN32 /D _DEBUG /D _CONSOLE /D FL_DLL /D _VC80_UPGRADE=0x0710 /D _MBCS /Gm /EHsc /RTC1 /MDd /GS /fp:precise /Zc:wchar_t /Zc:forScope /Fo"Debug\\" /Fd"Debug\vc110.pdb" /Gd /TP /analyze- /errorReport:prompt particle.cpp
         particle.cpp
     1>c:\users\administrator\desktop\그래픽스\framework\particle.cpp(4): warning C4305: '초기화 중' : 'double'에서 'const float'(으)로 잘립니다.
       Link:
         C:\Program Files (x86)\Microsoft Visual Studio 11.0\VC\bin\link.exe /ERRORREPORT:PROMPT /OUT:"Debug\FrameWork.exe" /INCREMENTAL /NOLOGO /LIBPATH:..\utilities\lib /LIBPATH:C:\Graphics\Tools\fltk\lib /LIBPATH:C:\Graphics\Tools\glew\lib fltkdlld.lib comctl32.lib wsock32.lib opengl32.lib glu32.lib kernel32.lib user32.lib gdi32.lib winspool.lib comdlg32.lib advapi32.lib shell32.lib ole32.lib oleaut32.lib uuid.lib odbc32.lib odbccp32.lib /MANIFEST /MANIFESTUAC:"level='asInvoker' uiAccess='false'" /manifest:embed /DEBUG /PDB:"Debug\OpenGL-CutIt2.pdb" /SUBSYSTEM:CONSOLE /TLBID:1 /DYNAMICBASE:NO /IMPLIB:"Debug\FrameWork.lib" /MACHINE:X86 /SAFESEH Debug\3DUtils.obj
         Debug\DrawUtils.obj
         Debug\GLee.obj
         Debug\glm.obj
         Debug\libtarga.obj
         Debug\main.obj
         Debug\MMatrix.obj
         Debug\MyGlWindow.obj
         Debug\particle.obj
         Debug\stdafx.obj
         FrameWork.vcxproj -> C:\Users\Administrator\Desktop\그래픽스\FrameWork\Debug\FrameWork.exe
     1>"C:\Users\Administrator\Desktop\그래픽스\FrameWork\FrameWork.vcxproj" 프로젝트를 빌드했습니다(Build 대상).

빌드했습니다.

경과 시간: 00:00:01.17
